0:	learn: 0.6580631	test: 0.6661429	best: 0.6661429 (0)	total: 59.5ms	remaining: 59.4s
10:	learn: 0.5126479	test: 0.5582129	best: 0.5582129 (10)	total: 127ms	remaining: 11.4s
20:	learn: 0.4420471	test: 0.5284811	best: 0.5284811 (20)	total: 171ms	remaining: 7.96s
30:	learn: 0.4038675	test: 0.5209482	best: 0.5209482 (30)	total: 188ms	remaining: 5.86s
40:	learn: 0.3721957	test: 0.5125225	best: 0.5125225 (40)	total: 205ms	remaining: 4.79s
50:	learn: 0.3440881	test: 0.5089750	best: 0.5089750 (50)	total: 224ms	remaining: 4.16s
60:	learn: 0.3267769	test: 0.5089512	best: 0.5089512 (60)	total: 243ms	remaining: 3.73s
70:	learn: 0.3060053	test: 0.5071335	best: 0.5071335 (70)	total: 260ms	remaining: 3.4s
80:	learn: 0.2928067	test: 0.5072532	best: 0.5071335 (70)	total: 276ms	remaining: 3.13s
90:	learn: 0.2708302	test: 0.5104267	best: 0.5071335 (70)	total: 294ms	remaining: 2.94s
100:	learn: 0.2548718	test: 0.5109608	best: 0.5071335 (70)	total: 313ms	remaining: 2.79s
110:	learn: 0.2411368	test: 0.5136907	best: 0.5071335 (70)	total: 333ms	remaining: 2.67s
120:	learn: 0.2267959	test: 0.5187562	best: 0.5071335 (70)	total: 351ms	remaining: 2.55s
130:	learn: 0.2152021	test: 0.5200231	best: 0.5071335 (70)	total: 369ms	remaining: 2.45s
140:	learn: 0.2068846	test: 0.5265717	best: 0.5071335 (70)	total: 388ms	remaining: 2.36s
150:	learn: 0.1933533	test: 0.5266207	best: 0.5071335 (70)	total: 407ms	remaining: 2.29s
160:	learn: 0.1839823	test: 0.5284796	best: 0.5071335 (70)	total: 428ms	remaining: 2.23s
170:	learn: 0.1760577	test: 0.5291301	best: 0.5071335 (70)	total: 447ms	remaining: 2.17s
180:	learn: 0.1665711	test: 0.5341234	best: 0.5071335 (70)	total: 468ms	remaining: 2.12s
190:	learn: 0.1555514	test: 0.5416951	best: 0.5071335 (70)	total: 486ms	remaining: 2.06s
200:	learn: 0.1498832	test: 0.5419362	best: 0.5071335 (70)	total: 508ms	remaining: 2.02s
210:	learn: 0.1426079	test: 0.5481443	best: 0.5071335 (70)	total: 525ms	remaining: 1.96s
220:	learn: 0.1361406	test: 0.5534903	best: 0.5071335 (70)	total: 544ms	remaining: 1.92s
230:	learn: 0.1289069	test: 0.5564974	best: 0.5071335 (70)	total: 562ms	remaining: 1.87s
240:	learn: 0.1235865	test: 0.5606684	best: 0.5071335 (70)	total: 580ms	remaining: 1.83s
250:	learn: 0.1165213	test: 0.5617481	best: 0.5071335 (70)	total: 598ms	remaining: 1.78s
260:	learn: 0.1105762	test: 0.5647722	best: 0.5071335 (70)	total: 617ms	remaining: 1.75s
270:	learn: 0.1042029	test: 0.5678605	best: 0.5071335 (70)	total: 634ms	remaining: 1.71s
280:	learn: 0.0992458	test: 0.5726136	best: 0.5071335 (70)	total: 652ms	remaining: 1.67s
290:	learn: 0.0955347	test: 0.5720118	best: 0.5071335 (70)	total: 670ms	remaining: 1.63s
300:	learn: 0.0920782	test: 0.5757766	best: 0.5071335 (70)	total: 692ms	remaining: 1.61s
310:	learn: 0.0889912	test: 0.5796554	best: 0.5071335 (70)	total: 711ms	remaining: 1.57s
320:	learn: 0.0850779	test: 0.5792991	best: 0.5071335 (70)	total: 733ms	remaining: 1.55s
330:	learn: 0.0811580	test: 0.5799492	best: 0.5071335 (70)	total: 750ms	remaining: 1.52s
340:	learn: 0.0784542	test: 0.5824382	best: 0.5071335 (70)	total: 768ms	remaining: 1.48s
350:	learn: 0.0756250	test: 0.5882347	best: 0.5071335 (70)	total: 787ms	remaining: 1.45s
360:	learn: 0.0735449	test: 0.5929643	best: 0.5071335 (70)	total: 805ms	remaining: 1.42s
370:	learn: 0.0718131	test: 0.5930113	best: 0.5071335 (70)	total: 827ms	remaining: 1.4s
380:	learn: 0.0689612	test: 0.5921511	best: 0.5071335 (70)	total: 846ms	remaining: 1.37s
390:	learn: 0.0667997	test: 0.5919994	best: 0.5071335 (70)	total: 864ms	remaining: 1.35s
400:	learn: 0.0649854	test: 0.5913854	best: 0.5071335 (70)	total: 885ms	remaining: 1.32s
410:	learn: 0.0617787	test: 0.5929976	best: 0.5071335 (70)	total: 903ms	remaining: 1.29s
420:	learn: 0.0603561	test: 0.5920376	best: 0.5071335 (70)	total: 924ms	remaining: 1.27s
430:	learn: 0.0588249	test: 0.5923121	best: 0.5071335 (70)	total: 945ms	remaining: 1.25s
440:	learn: 0.0573023	test: 0.5922106	best: 0.5071335 (70)	total: 966ms	remaining: 1.22s
450:	learn: 0.0553297	test: 0.5968343	best: 0.5071335 (70)	total: 984ms	remaining: 1.2s
460:	learn: 0.0535579	test: 0.5979030	best: 0.5071335 (70)	total: 1s	remaining: 1.17s
470:	learn: 0.0513420	test: 0.5996298	best: 0.5071335 (70)	total: 1.02s	remaining: 1.15s
480:	learn: 0.0491950	test: 0.5997396	best: 0.5071335 (70)	total: 1.04s	remaining: 1.12s
490:	learn: 0.0475576	test: 0.6002963	best: 0.5071335 (70)	total: 1.06s	remaining: 1.1s
500:	learn: 0.0458726	test: 0.6036252	best: 0.5071335 (70)	total: 1.08s	remaining: 1.07s
510:	learn: 0.0447077	test: 0.6075041	best: 0.5071335 (70)	total: 1.1s	remaining: 1.05s
520:	learn: 0.0429593	test: 0.6110272	best: 0.5071335 (70)	total: 1.11s	remaining: 1.02s
530:	learn: 0.0412685	test: 0.6154583	best: 0.5071335 (70)	total: 1.14s	remaining: 1s
540:	learn: 0.0401085	test: 0.6179831	best: 0.5071335 (70)	total: 1.15s	remaining: 979ms
550:	learn: 0.0393277	test: 0.6192712	best: 0.5071335 (70)	total: 1.17s	remaining: 954ms
560:	learn: 0.0381020	test: 0.6202986	best: 0.5071335 (70)	total: 1.19s	remaining: 931ms
570:	learn: 0.0370525	test: 0.6217691	best: 0.5071335 (70)	total: 1.21s	remaining: 907ms
580:	learn: 0.0362638	test: 0.6236338	best: 0.5071335 (70)	total: 1.22s	remaining: 883ms
590:	learn: 0.0352012	test: 0.6258369	best: 0.5071335 (70)	total: 1.24s	remaining: 861ms
600:	learn: 0.0336655	test: 0.6288646	best: 0.5071335 (70)	total: 1.26s	remaining: 840ms
610:	learn: 0.0331734	test: 0.6294466	best: 0.5071335 (70)	total: 1.28s	remaining: 816ms
620:	learn: 0.0324177	test: 0.6299079	best: 0.5071335 (70)	total: 1.3s	remaining: 793ms
630:	learn: 0.0313451	test: 0.6351244	best: 0.5071335 (70)	total: 1.32s	remaining: 772ms
640:	learn: 0.0304450	test: 0.6389995	best: 0.5071335 (70)	total: 1.34s	remaining: 750ms
650:	learn: 0.0299679	test: 0.6405828	best: 0.5071335 (70)	total: 1.36s	remaining: 729ms
660:	learn: 0.0294522	test: 0.6423991	best: 0.5071335 (70)	total: 1.38s	remaining: 707ms
670:	learn: 0.0289572	test: 0.6441390	best: 0.5071335 (70)	total: 1.4s	remaining: 686ms
680:	learn: 0.0284899	test: 0.6446397	best: 0.5071335 (70)	total: 1.42s	remaining: 665ms
690:	learn: 0.0278621	test: 0.6460992	best: 0.5071335 (70)	total: 1.44s	remaining: 643ms
700:	learn: 0.0270991	test: 0.6478790	best: 0.5071335 (70)	total: 1.46s	remaining: 623ms
710:	learn: 0.0266764	test: 0.6480369	best: 0.5071335 (70)	total: 1.48s	remaining: 601ms
720:	learn: 0.0260676	test: 0.6494905	best: 0.5071335 (70)	total: 1.5s	remaining: 579ms
730:	learn: 0.0257012	test: 0.6491420	best: 0.5071335 (70)	total: 1.51s	remaining: 558ms
740:	learn: 0.0251858	test: 0.6501448	best: 0.5071335 (70)	total: 1.53s	remaining: 536ms
750:	learn: 0.0248295	test: 0.6508015	best: 0.5071335 (70)	total: 1.55s	remaining: 515ms
760:	learn: 0.0244159	test: 0.6520169	best: 0.5071335 (70)	total: 1.57s	remaining: 494ms
770:	learn: 0.0240084	test: 0.6535574	best: 0.5071335 (70)	total: 1.59s	remaining: 473ms
780:	learn: 0.0236574	test: 0.6557758	best: 0.5071335 (70)	total: 1.61s	remaining: 452ms
790:	learn: 0.0232107	test: 0.6556454	best: 0.5071335 (70)	total: 1.63s	remaining: 430ms
800:	learn: 0.0227023	test: 0.6565302	best: 0.5071335 (70)	total: 1.65s	remaining: 410ms
810:	learn: 0.0223353	test: 0.6576744	best: 0.5071335 (70)	total: 1.67s	remaining: 389ms
820:	learn: 0.0218858	test: 0.6581253	best: 0.5071335 (70)	total: 1.69s	remaining: 368ms
830:	learn: 0.0216228	test: 0.6589911	best: 0.5071335 (70)	total: 1.71s	remaining: 347ms
840:	learn: 0.0214523	test: 0.6598930	best: 0.5071335 (70)	total: 1.73s	remaining: 326ms
850:	learn: 0.0210847	test: 0.6600669	best: 0.5071335 (70)	total: 1.74s	remaining: 305ms
860:	learn: 0.0207904	test: 0.6615190	best: 0.5071335 (70)	total: 1.76s	remaining: 285ms
870:	learn: 0.0203103	test: 0.6610760	best: 0.5071335 (70)	total: 1.78s	remaining: 264ms
880:	learn: 0.0201343	test: 0.6614262	best: 0.5071335 (70)	total: 1.8s	remaining: 243ms
890:	learn: 0.0199380	test: 0.6629354	best: 0.5071335 (70)	total: 1.82s	remaining: 223ms
900:	learn: 0.0196621	test: 0.6630411	best: 0.5071335 (70)	total: 1.84s	remaining: 202ms
910:	learn: 0.0194754	test: 0.6637956	best: 0.5071335 (70)	total: 1.86s	remaining: 181ms
920:	learn: 0.0192333	test: 0.6658106	best: 0.5071335 (70)	total: 1.88s	remaining: 161ms
930:	learn: 0.0189870	test: 0.6668338	best: 0.5071335 (70)	total: 1.9s	remaining: 141ms
940:	learn: 0.0188957	test: 0.6673230	best: 0.5071335 (70)	total: 1.92s	remaining: 120ms
950:	learn: 0.0187620	test: 0.6684889	best: 0.5071335 (70)	total: 1.94s	remaining: 99.7ms
960:	learn: 0.0185856	test: 0.6676327	best: 0.5071335 (70)	total: 1.95s	remaining: 79.3ms
970:	learn: 0.0183729	test: 0.6679805	best: 0.5071335 (70)	total: 1.97s	remaining: 59ms
980:	learn: 0.0180862	test: 0.6682383	best: 0.5071335 (70)	total: 1.99s	remaining: 38.6ms
990:	learn: 0.0179897	test: 0.6690777	best: 0.5071335 (70)	total: 2.01s	remaining: 18.3ms
999:	learn: 0.0177687	test: 0.6692962	best: 0.5071335 (70)	total: 2.03s	remaining: 0us

bestTest = 0.5071334641
bestIteration = 70

Shrink model to first 71 iterations.
