0:	learn: 0.3616287	test: 0.3618187	best: 0.3618187 (0)	total: 59.1ms	remaining: 59.1s
10:	learn: 0.0052660	test: 0.0052582	best: 0.0052582 (10)	total: 163ms	remaining: 14.7s
20:	learn: 0.0027624	test: 0.0027164	best: 0.0027164 (20)	total: 259ms	remaining: 12.1s
30:	learn: 0.0024105	test: 0.0024283	best: 0.0024283 (30)	total: 386ms	remaining: 12.1s
40:	learn: 0.0022000	test: 0.0023998	best: 0.0023998 (40)	total: 507ms	remaining: 11.8s
50:	learn: 0.0020762	test: 0.0023939	best: 0.0023939 (50)	total: 606ms	remaining: 11.3s
60:	learn: 0.0019656	test: 0.0023873	best: 0.0023873 (60)	total: 695ms	remaining: 10.7s
70:	learn: 0.0018568	test: 0.0023876	best: 0.0023873 (60)	total: 791ms	remaining: 10.3s
80:	learn: 0.0017758	test: 0.0023797	best: 0.0023797 (80)	total: 885ms	remaining: 10s
90:	learn: 0.0016752	test: 0.0023816	best: 0.0023797 (80)	total: 1.01s	remaining: 10.1s
100:	learn: 0.0016008	test: 0.0023795	best: 0.0023795 (100)	total: 1.12s	remaining: 9.98s
110:	learn: 0.0015228	test: 0.0023756	best: 0.0023756 (110)	total: 1.22s	remaining: 9.79s
120:	learn: 0.0014662	test: 0.0023840	best: 0.0023756 (110)	total: 1.36s	remaining: 9.88s
130:	learn: 0.0014149	test: 0.0023797	best: 0.0023756 (110)	total: 1.46s	remaining: 9.67s
140:	learn: 0.0013559	test: 0.0023726	best: 0.0023726 (140)	total: 1.57s	remaining: 9.54s
150:	learn: 0.0012954	test: 0.0023510	best: 0.0023510 (150)	total: 1.68s	remaining: 9.45s
160:	learn: 0.0012563	test: 0.0023501	best: 0.0023501 (160)	total: 1.77s	remaining: 9.24s
170:	learn: 0.0012120	test: 0.0023428	best: 0.0023428 (170)	total: 1.86s	remaining: 9.04s
180:	learn: 0.0011691	test: 0.0023156	best: 0.0023156 (180)	total: 1.96s	remaining: 8.85s
190:	learn: 0.0011225	test: 0.0023081	best: 0.0023081 (190)	total: 2.04s	remaining: 8.62s
200:	learn: 0.0010833	test: 0.0023017	best: 0.0023017 (200)	total: 2.13s	remaining: 8.47s
210:	learn: 0.0010529	test: 0.0022910	best: 0.0022910 (210)	total: 2.22s	remaining: 8.3s
220:	learn: 0.0010180	test: 0.0022897	best: 0.0022897 (220)	total: 2.31s	remaining: 8.13s
230:	learn: 0.0010043	test: 0.0022916	best: 0.0022897 (220)	total: 2.42s	remaining: 8.04s
240:	learn: 0.0009727	test: 0.0022958	best: 0.0022897 (220)	total: 2.57s	remaining: 8.09s
250:	learn: 0.0009277	test: 0.0022931	best: 0.0022897 (220)	total: 2.69s	remaining: 8.01s
260:	learn: 0.0009089	test: 0.0022921	best: 0.0022897 (220)	total: 2.8s	remaining: 7.94s
270:	learn: 0.0008870	test: 0.0023011	best: 0.0022897 (220)	total: 2.93s	remaining: 7.89s
280:	learn: 0.0008673	test: 0.0022934	best: 0.0022897 (220)	total: 3.09s	remaining: 7.91s
290:	learn: 0.0008405	test: 0.0022876	best: 0.0022876 (290)	total: 3.23s	remaining: 7.87s
300:	learn: 0.0008132	test: 0.0022907	best: 0.0022876 (290)	total: 3.36s	remaining: 7.8s
310:	learn: 0.0007897	test: 0.0022923	best: 0.0022876 (290)	total: 3.49s	remaining: 7.73s
320:	learn: 0.0007652	test: 0.0022838	best: 0.0022838 (320)	total: 3.6s	remaining: 7.61s
330:	learn: 0.0007464	test: 0.0022866	best: 0.0022838 (320)	total: 3.72s	remaining: 7.52s
340:	learn: 0.0007236	test: 0.0022925	best: 0.0022838 (320)	total: 3.89s	remaining: 7.52s
350:	learn: 0.0006971	test: 0.0022908	best: 0.0022838 (320)	total: 4.03s	remaining: 7.46s
360:	learn: 0.0006752	test: 0.0022910	best: 0.0022838 (320)	total: 4.19s	remaining: 7.42s
370:	learn: 0.0006549	test: 0.0022809	best: 0.0022809 (370)	total: 4.34s	remaining: 7.36s
380:	learn: 0.0006298	test: 0.0022830	best: 0.0022809 (370)	total: 4.47s	remaining: 7.26s
390:	learn: 0.0006035	test: 0.0022852	best: 0.0022809 (370)	total: 4.61s	remaining: 7.18s
400:	learn: 0.0005821	test: 0.0022920	best: 0.0022809 (370)	total: 4.71s	remaining: 7.04s
410:	learn: 0.0005619	test: 0.0023058	best: 0.0022809 (370)	total: 4.82s	remaining: 6.9s
420:	learn: 0.0005424	test: 0.0023075	best: 0.0022809 (370)	total: 4.92s	remaining: 6.76s
430:	learn: 0.0005263	test: 0.0023157	best: 0.0022809 (370)	total: 5.02s	remaining: 6.63s
440:	learn: 0.0005097	test: 0.0023067	best: 0.0022809 (370)	total: 5.13s	remaining: 6.5s
450:	learn: 0.0004964	test: 0.0023176	best: 0.0022809 (370)	total: 5.23s	remaining: 6.37s
460:	learn: 0.0004828	test: 0.0023197	best: 0.0022809 (370)	total: 5.33s	remaining: 6.23s
470:	learn: 0.0004699	test: 0.0023310	best: 0.0022809 (370)	total: 5.43s	remaining: 6.1s
480:	learn: 0.0004497	test: 0.0023369	best: 0.0022809 (370)	total: 5.51s	remaining: 5.95s
490:	learn: 0.0004364	test: 0.0023367	best: 0.0022809 (370)	total: 5.61s	remaining: 5.81s
500:	learn: 0.0004204	test: 0.0023326	best: 0.0022809 (370)	total: 5.74s	remaining: 5.72s
510:	learn: 0.0004051	test: 0.0023379	best: 0.0022809 (370)	total: 5.83s	remaining: 5.58s
520:	learn: 0.0003923	test: 0.0023498	best: 0.0022809 (370)	total: 5.93s	remaining: 5.46s
530:	learn: 0.0003826	test: 0.0023486	best: 0.0022809 (370)	total: 6s	remaining: 5.3s
540:	learn: 0.0003684	test: 0.0023546	best: 0.0022809 (370)	total: 6.07s	remaining: 5.15s
550:	learn: 0.0003522	test: 0.0023526	best: 0.0022809 (370)	total: 6.13s	remaining: 5s
560:	learn: 0.0003325	test: 0.0023536	best: 0.0022809 (370)	total: 6.2s	remaining: 4.85s
570:	learn: 0.0003220	test: 0.0023586	best: 0.0022809 (370)	total: 6.28s	remaining: 4.72s
580:	learn: 0.0003103	test: 0.0023623	best: 0.0022809 (370)	total: 6.37s	remaining: 4.59s
590:	learn: 0.0003000	test: 0.0023653	best: 0.0022809 (370)	total: 6.48s	remaining: 4.49s
600:	learn: 0.0002870	test: 0.0023700	best: 0.0022809 (370)	total: 6.58s	remaining: 4.37s
610:	learn: 0.0002762	test: 0.0023753	best: 0.0022809 (370)	total: 6.67s	remaining: 4.25s
620:	learn: 0.0002649	test: 0.0023773	best: 0.0022809 (370)	total: 6.76s	remaining: 4.12s
630:	learn: 0.0002553	test: 0.0023901	best: 0.0022809 (370)	total: 6.87s	remaining: 4.01s
640:	learn: 0.0002458	test: 0.0023857	best: 0.0022809 (370)	total: 6.96s	remaining: 3.9s
650:	learn: 0.0002372	test: 0.0023817	best: 0.0022809 (370)	total: 7.1s	remaining: 3.81s
660:	learn: 0.0002307	test: 0.0023891	best: 0.0022809 (370)	total: 7.23s	remaining: 3.71s
670:	learn: 0.0002243	test: 0.0023935	best: 0.0022809 (370)	total: 7.34s	remaining: 3.6s
680:	learn: 0.0002219	test: 0.0023963	best: 0.0022809 (370)	total: 7.48s	remaining: 3.5s
690:	learn: 0.0002139	test: 0.0024032	best: 0.0022809 (370)	total: 7.62s	remaining: 3.41s
700:	learn: 0.0002091	test: 0.0024047	best: 0.0022809 (370)	total: 7.72s	remaining: 3.29s
710:	learn: 0.0002021	test: 0.0024141	best: 0.0022809 (370)	total: 7.81s	remaining: 3.18s
720:	learn: 0.0001984	test: 0.0024172	best: 0.0022809 (370)	total: 7.9s	remaining: 3.06s
730:	learn: 0.0001899	test: 0.0024323	best: 0.0022809 (370)	total: 8.02s	remaining: 2.95s
740:	learn: 0.0001865	test: 0.0024384	best: 0.0022809 (370)	total: 8.14s	remaining: 2.85s
750:	learn: 0.0001826	test: 0.0024462	best: 0.0022809 (370)	total: 8.25s	remaining: 2.74s
760:	learn: 0.0001781	test: 0.0024504	best: 0.0022809 (370)	total: 8.37s	remaining: 2.63s
770:	learn: 0.0001717	test: 0.0024628	best: 0.0022809 (370)	total: 8.47s	remaining: 2.52s
780:	learn: 0.0001662	test: 0.0024728	best: 0.0022809 (370)	total: 8.64s	remaining: 2.42s
790:	learn: 0.0001627	test: 0.0024759	best: 0.0022809 (370)	total: 8.76s	remaining: 2.31s
800:	learn: 0.0001589	test: 0.0024801	best: 0.0022809 (370)	total: 8.89s	remaining: 2.21s
810:	learn: 0.0001533	test: 0.0024805	best: 0.0022809 (370)	total: 9.02s	remaining: 2.1s
820:	learn: 0.0001501	test: 0.0024897	best: 0.0022809 (370)	total: 9.11s	remaining: 1.99s
830:	learn: 0.0001456	test: 0.0024959	best: 0.0022809 (370)	total: 9.23s	remaining: 1.88s
840:	learn: 0.0001426	test: 0.0025070	best: 0.0022809 (370)	total: 9.38s	remaining: 1.77s
850:	learn: 0.0001394	test: 0.0025112	best: 0.0022809 (370)	total: 9.49s	remaining: 1.66s
860:	learn: 0.0001366	test: 0.0025105	best: 0.0022809 (370)	total: 9.6s	remaining: 1.55s
870:	learn: 0.0001341	test: 0.0025121	best: 0.0022809 (370)	total: 9.74s	remaining: 1.44s
880:	learn: 0.0001321	test: 0.0025133	best: 0.0022809 (370)	total: 9.85s	remaining: 1.33s
890:	learn: 0.0001286	test: 0.0025180	best: 0.0022809 (370)	total: 9.95s	remaining: 1.22s
900:	learn: 0.0001267	test: 0.0025223	best: 0.0022809 (370)	total: 10.1s	remaining: 1.11s
910:	learn: 0.0001239	test: 0.0025312	best: 0.0022809 (370)	total: 10.2s	remaining: 997ms
920:	learn: 0.0001224	test: 0.0025323	best: 0.0022809 (370)	total: 10.3s	remaining: 888ms
930:	learn: 0.0001196	test: 0.0025378	best: 0.0022809 (370)	total: 10.5s	remaining: 778ms
940:	learn: 0.0001162	test: 0.0025457	best: 0.0022809 (370)	total: 10.6s	remaining: 666ms
950:	learn: 0.0001139	test: 0.0025478	best: 0.0022809 (370)	total: 10.7s	remaining: 553ms
960:	learn: 0.0001118	test: 0.0025468	best: 0.0022809 (370)	total: 10.8s	remaining: 440ms
970:	learn: 0.0001092	test: 0.0025496	best: 0.0022809 (370)	total: 11s	remaining: 327ms
980:	learn: 0.0001075	test: 0.0025535	best: 0.0022809 (370)	total: 11.1s	remaining: 215ms
990:	learn: 0.0001061	test: 0.0025541	best: 0.0022809 (370)	total: 11.2s	remaining: 102ms
999:	learn: 0.0001049	test: 0.0025588	best: 0.0022809 (370)	total: 11.3s	remaining: 0us

bestTest = 0.002280872272
bestIteration = 370

Shrink model to first 371 iterations.
